<?xml version="1.0" encoding="UTF-8"?>
<testsuite xmlns:xsi="http://www.w3.org/2001/XMLSchema-instance" xsi:noNamespaceSchemaLocation="https://maven.apache.org/surefire/maven-surefire-plugin/xsd/surefire-test-report-3.0.xsd" version="3.0" name="aro.AroTest" time="0.048" tests="10" errors="0" skipped="0" failures="0">
  <properties>
[...]
</properties>
  <testcase name="testSetCoordenadaX" classname="aro.AroTest" time="0.018">
    <system-out><![CDATA[setCoordenadaX
]]></system-out>
  </testcase>
  <testcase name="testGetRadio" classname="aro.AroTest" time="0.005">
    <system-out><![CDATA[getRadio
]]></system-out>
  </testcase>
  <testcase name="testObterDiametro" classname="aro.AroTest" time="0.001">
    <system-out><![CDATA[obterDiametro
]]></system-out>
  </testcase>
  <testcase name="testTrasladarCentro" classname="aro.AroTest" time="0.001">
    <system-out><![CDATA[trasladarCentro
]]></system-out>
  </testcase>
  <testcase name="testsetCoordenadaY" classname="aro.AroTest" time="0.001">
    <system-out><![CDATA[setCoordenadaY
]]></system-out>
  </testcase>
  <testcase name="testObterSuperficie" classname="aro.AroTest" time="0.001">
    <system-out><![CDATA[obterSuperficie
]]></system-out>
  </testcase>
  <testcase name="testObterCircunferencia" classname="aro.AroTest" time="0">
    <system-out><![CDATA[obterCircunferencia
]]></system-out>
  </testcase>
  <testcase name="testGetCoordenadaX" classname="aro.AroTest" time="0">
    <system-out><![CDATA[getCoordenadaX
]]></system-out>
  </testcase>
  <testcase name="testGetCoordenadaY" classname="aro.AroTest" time="0.001">
    <system-out><![CDATA[getCoordenadaY
]]></system-out>
  </testcase>
  <testcase name="testSetRadio" classname="aro.AroTest" time="0">
    <system-out><![CDATA[setRadio
]]></system-out>
  </testcase>
</testsuite>